Warning: You are sending unauthenticated requests to the HF Hub. Please set a HF_TOKEN to enable higher rate limits and faster downloads.
Loading SegFormer: nvidia/segformer-b0-finetuned-cityscapes-512-1024
Loading weights:   0%|          | 0/208 [00:00<?, ?it/s]Loading weights: 100%|██████████| 208/208 [00:00<00:00, 77458.51it/s]
  SegFormer loaded on cpu
Processing 1211 frames  (1280x720 @ 30.1 fps)
  SegFormer: real model
  YOLO:      disabled
  50/1211 (4%)  SAFE - TURN RIGHT  offset=+0.134
  100/1211 (8%)  SAFE - TURN RIGHT  offset=+0.138
  150/1211 (12%)  SAFE - TURN RIGHT  offset=+0.115
  200/1211 (17%)  SAFE - TURN RIGHT  offset=+0.077
  250/1211 (21%)  SAFE - TURN RIGHT  offset=+0.147
  300/1211 (25%)  SAFE - TURN RIGHT  offset=+0.122
  350/1211 (29%)  SAFE - TURN RIGHT  offset=+0.206
  400/1211 (33%)  SAFE - TURN RIGHT  offset=+0.143
  450/1211 (37%)  SAFE - TURN RIGHT  offset=+0.099
  500/1211 (41%)  SAFE - FORWARD  offset=-0.027
  550/1211 (45%)  SAFE - FORWARD  offset=+0.016
  600/1211 (50%)  SAFE - TURN RIGHT  offset=+0.055
  650/1211 (54%)  SAFE - TURN RIGHT  offset=+0.121
  700/1211 (58%)  SAFE - TURN RIGHT  offset=+0.052
  750/1211 (62%)  SAFE - TURN RIGHT  offset=+0.061
  800/1211 (66%)  SAFE - TURN RIGHT  offset=+0.056
  850/1211 (70%)  SAFE - TURN RIGHT  offset=+0.054
  900/1211 (74%)  SAFE - TURN RIGHT  offset=+0.051
  950/1211 (78%)  SAFE - TURN RIGHT  offset=+0.068
  1000/1211 (83%)  SAFE - FORWARD  offset=+0.040
  1050/1211 (87%)  SAFE - TURN RIGHT  offset=+0.049
  1100/1211 (91%)  SAFE - TURN RIGHT  offset=+0.059
  1150/1211 (95%)  SAFE - TURN RIGHT  offset=+0.064
  1200/1211 (99%)  SAFE - TURN RIGHT  offset=+0.050

Done -> output_dataset2.mp4  (1211 frames)
